<?xml version="1.0" encoding="UTF-8"?>
<!-- Generated by org.testng.reporters.JUnitReportReporter -->
<testsuite skipped="0" hostname="PC" name="maven.lockownmavenproject22.CheckBox1" tests="1" failures="0" timestamp="2021-01-02T11:48:20 IST" time="11.437" errors="0">
  <testcase name="checkboxTest" time="11.437" classname="maven.lockownmavenproject22.CheckBox1"/>
  <system-out/>
</testsuite> <!-- maven.lockownmavenproject22.CheckBox1 -->
