<?xml version="1.0" encoding="UTF-8"?>
<!-- Generated by org.testng.reporters.JUnitReportReporter -->
<testsuite skipped="0" hostname="PC" name="maven.lockownmavenproject.FTC_03" tests="1" failures="0" timestamp="2020-12-29T19:38:03 IST" time="24.540" errors="0">
  <testcase name="f" time="24.540" classname="maven.lockownmavenproject.FTC_03"/>
  <system-out/>
</testsuite> <!-- maven.lockownmavenproject.FTC_03 -->
