<?xml version="1.0" encoding="UTF-8"?>
<!-- Generated by org.testng.reporters.JUnitReportReporter -->
<testsuite skipped="0" hostname="PC" name="com.suiteA.TestA1" tests="1" failures="0" timestamp="15 Feb 2021 10:20:49 GMT" time="3.029" errors="0">
  <testcase name="f" time="3.029" classname="com.suiteA.TestA1"/>
</testsuite> <!-- com.suiteA.TestA1 -->
