<?xml version="1.0" encoding="UTF-8"?>
<!-- Generated by org.testng.reporters.JUnitReportReporter -->
<testsuite skipped="0" hostname="PC" name="maven.lockownmavenproject22.RadioButton1" tests="1" failures="0" timestamp="2021-01-02T11:45:26 IST" time="15.874" errors="0">
  <testcase name="radioButton1" time="15.874" classname="maven.lockownmavenproject22.RadioButton1"/>
  <system-out/>
</testsuite> <!-- maven.lockownmavenproject22.RadioButton1 -->
