<?xml version="1.0" encoding="UTF-8"?>
<!-- Generated by org.testng.reporters.JUnitReportReporter -->
<testsuite skipped="0" hostname="PC" name="maven.lockownmavenproject.FTC_02" tests="3" failures="0" timestamp="2020-12-30T13:14:21 IST" time="0.019" errors="0">
  <testcase name="z" time="0.006" classname="maven.lockownmavenproject.FTC_02"/>
  <system-out/>
  <testcase name="a" time="0.009" classname="maven.lockownmavenproject.FTC_02"/>
  <system-out/>
  <testcase name="f" time="0.004" classname="maven.lockownmavenproject.FTC_02"/>
  <system-out/>
</testsuite> <!-- maven.lockownmavenproject.FTC_02 -->
