<?xml version="1.0" encoding="UTF-8"?>
<!-- Generated by org.testng.reporters.JUnitReportReporter -->
<testsuite skipped="0" hostname="PC" name="maven.lockownmavenproject22.FTC_01" tests="1" failures="0" timestamp="2020-12-30T12:31:38 IST" time="0.024" errors="0">
  <testcase name="f" time="0.024" classname="maven.lockownmavenproject22.FTC_01"/>
  <system-out/>
</testsuite> <!-- maven.lockownmavenproject22.FTC_01 -->
