<?xml version="1.0" encoding="UTF-8"?>
<!-- Generated by org.testng.reporters.JUnitReportReporter -->
<testsuite skipped="5" hostname="PC" name="actionsAndJavaScriptExecutors.MouseOperations" tests="7" failures="0" timestamp="2021-02-05T13:08:41 IST" time="49.357" errors="0">
  <testcase name="Browserslider" time="30.978" classname="actionsAndJavaScriptExecutors.MouseOperations"/>
  <system-out/>
  <testcase name="autoSuggestion" time="18.379" classname="actionsAndJavaScriptExecutors.MouseOperations"/>
  <system-out/>
  <testcase name="dragAnddrop" classname="actionsAndJavaScriptExecutors.MouseOperations">
    <skipped/>
  </testcase> <!-- dragAnddrop -->
  <system-out/>
  <testcase name="MoveToelement" classname="actionsAndJavaScriptExecutors.MouseOperations">
    <skipped/>
  </testcase> <!-- MoveToelement -->
  <system-out/>
  <testcase name="resizeMethod" classname="actionsAndJavaScriptExecutors.MouseOperations">
    <skipped/>
  </testcase> <!-- resizeMethod -->
  <system-out/>
  <testcase name="slider" classname="actionsAndJavaScriptExecutors.MouseOperations">
    <skipped/>
  </testcase> <!-- slider -->
  <system-out/>
  <testcase name="rightClickMethod" classname="actionsAndJavaScriptExecutors.MouseOperations">
    <skipped/>
  </testcase> <!-- rightClickMethod -->
  <system-out/>
</testsuite> <!-- actionsAndJavaScriptExecutors.MouseOperations -->
