<?xml version="1.0" encoding="UTF-8"?>
<!-- Generated by org.testng.reporters.JUnitReportReporter -->
<testsuite skipped="0" hostname="PC" name="windowFrames.AlertHandling" tests="1" failures="0" timestamp="2021-02-04T12:01:38 IST" time="12.385" errors="0">
  <testcase name="f" time="12.385" classname="windowFrames.AlertHandling"/>
  <system-out/>
</testsuite> <!-- windowFrames.AlertHandling -->
