<?xml version="1.0" encoding="UTF-8"?>
<!-- Generated by org.testng.reporters.JUnitReportReporter -->
<testsuite skipped="0" hostname="PC" name="maven.lockownmavenproject.FTC_01" tests="1" failures="0" timestamp="2020-12-30T13:14:21 IST" time="0.007" errors="0">
  <testcase name="f" time="0.007" classname="maven.lockownmavenproject.FTC_01"/>
  <system-out/>
</testsuite> <!-- maven.lockownmavenproject.FTC_01 -->
